<?xml version="1.0" encoding="UTF-8"?>
<!-- Generated by org.testng.reporters.JUnitXMLReporter -->
<testsuite hostname="DESKTOP-VOB5H1Q" ignored="0" name="Default test" tests="30" failures="0" timestamp="2021-06-05T12:43:43 IST" time="163.428" errors="0">
  <testcase name="launchBrowser" time="2.867" classname="com.logfourj.practices.HomeWork10"/>
  <testcase name="navigate" time="4.125" classname="com.logfourj.practices.HomeWork10"/>
  <testcase name="login" time="4.453" classname="com.logfourj.practices.HomeWork10"/>
  <testcase name="User1" time="12.969" classname="com.logfourj.practices.HomeWork10"/>
  <testcase name="logout" time="2.426" classname="com.logfourj.practices.HomeWork10"/>
  <testcase name="User1Loging" time="5.402" classname="com.logfourj.practices.HomeWork10"/>
  <testcase name="User2" time="11.536" classname="com.logfourj.practices.HomeWork10"/>
  <testcase name="User1logout" time="2.414" classname="com.logfourj.practices.HomeWork10"/>
  <testcase name="User2Loging" time="5.43" classname="com.logfourj.practices.HomeWork10"/>
  <testcase name="User3" time="11.586" classname="com.logfourj.practices.HomeWork10"/>
  <testcase name="User2Logout" time="2.388" classname="com.logfourj.practices.HomeWork10"/>
  <testcase name="Admin1login" time="2.318" classname="com.logfourj.practices.HomeWork10"/>
  <testcase name="ModifyUser1" time="13.022" classname="com.logfourj.practices.HomeWork10"/>
  <testcase name="Admin1logout" time="2.388" classname="com.logfourj.practices.HomeWork10"/>
  <testcase name="User1LogingAgain" time="2.381" classname="com.logfourj.practices.HomeWork10"/>
  <testcase name="ModifyUser2" time="13.042" classname="com.logfourj.practices.HomeWork10"/>
  <testcase name="User1logoutAgain" time="2.416" classname="com.logfourj.practices.HomeWork10"/>
  <testcase name="User2LogingAgain" time="2.363" classname="com.logfourj.practices.HomeWork10"/>
  <testcase name="ModifyUser3" time="13.01" classname="com.logfourj.practices.HomeWork10"/>
  <testcase name="User2LogoutAgain" time="2.35" classname="com.logfourj.practices.HomeWork10"/>
  <testcase name="User2LogingAgainAgain" time="2.393" classname="com.logfourj.practices.HomeWork10"/>
  <testcase name="deleteUser3" time="9.905" classname="com.logfourj.practices.HomeWork10"/>
  <testcase name="User2LogoutAgainAgain" time="2.357" classname="com.logfourj.practices.HomeWork10"/>
  <testcase name="User1LogingAgainAgain" time="2.317" classname="com.logfourj.practices.HomeWork10"/>
  <testcase name="deleteUser2" time="10.102" classname="com.logfourj.practices.HomeWork10"/>
  <testcase name="User1logoutAgainAgain" time="2.329" classname="com.logfourj.practices.HomeWork10"/>
  <testcase name="Admin1loginAgain" time="2.278" classname="com.logfourj.practices.HomeWork10"/>
  <testcase name="deleteUser1" time="9.895" classname="com.logfourj.practices.HomeWork10"/>
  <testcase name="Admin1logoutAgainAgain" time="2.365" classname="com.logfourj.practices.HomeWork10"/>
  <testcase name="closeApplication" time="0.425" classname="com.logfourj.practices.HomeWork10"/>
</testsuite> <!-- Default test -->
