<?xml version="1.0" encoding="UTF-8"?>
<!-- Generated by org.testng.reporters.JUnitXMLReporter -->
<testsuite hostname="DESKTOP-VOB5H1Q" ignored="0" name="Scenarios" tests="110" failures="0" timestamp="2021-06-05T17:41:18 IST" time="549.018" errors="0">
  <testcase name="LaunchBrowser" time="2.881" classname="com.logfourj.practices.HomeWork1"/>
  <testcase name="navigate" time="5.345" classname="com.logfourj.practices.HomeWork1"/>
  <testcase name="login" time="6.607" classname="com.logfourj.practices.HomeWork1"/>
  <testcase name="CreateUser" time="7.686" classname="com.logfourj.practices.HomeWork1"/>
  <testcase name="DeleteUser" time="8.331" classname="com.logfourj.practices.HomeWork1"/>
  <testcase name="logout" time="2.435" classname="com.logfourj.practices.HomeWork1"/>
  <testcase name="closeApplication" time="0.303" classname="com.logfourj.practices.HomeWork1"/>
  <testcase name="launchBrowser" time="1.928" classname="com.logfourj.practices.HomeWork2"/>
  <testcase name="navigate" time="5.793" classname="com.logfourj.practices.HomeWork2"/>
  <testcase name="login" time="4.289" classname="com.logfourj.practices.HomeWork2"/>
  <testcase name="flyWindowMinimize" time="2.141" classname="com.logfourj.practices.HomeWork2"/>
  <testcase name="createUser" time="8.915" classname="com.logfourj.practices.HomeWork2"/>
  <testcase name="modifyUser" time="6.497" classname="com.logfourj.practices.HomeWork2"/>
  <testcase name="deleteUser" time="2.248" classname="com.logfourj.practices.HomeWork2"/>
  <testcase name="logOut" time="1.792" classname="com.logfourj.practices.HomeWork2"/>
  <testcase name="closeApplication" time="0.413" classname="com.logfourj.practices.HomeWork2"/>
  <testcase name="LaunchBrowser" time="8.384" classname="com.logfourj.practices.HomeWork3"/>
  <testcase name="navigate" time="2.875" classname="com.logfourj.practices.HomeWork3"/>
  <testcase name="login" time="5.795" classname="com.logfourj.practices.HomeWork3"/>
  <testcase name="CreateCustomer" time="3.734" classname="com.logfourj.practices.HomeWork3"/>
  <testcase name="DeleteCustomer" time="5.193" classname="com.logfourj.practices.HomeWork3"/>
  <testcase name="logout" time="2.472" classname="com.logfourj.practices.HomeWork3"/>
  <testcase name="closeApplication" time="3.143" classname="com.logfourj.practices.HomeWork3"/>
  <testcase name="LaunchBrowser" time="7.311" classname="com.logfourj.practices.HomeWork4"/>
  <testcase name="navigate" time="3.183" classname="com.logfourj.practices.HomeWork4"/>
  <testcase name="login" time="5.802" classname="com.logfourj.practices.HomeWork4"/>
  <testcase name="CreateCustomer" time="3.638" classname="com.logfourj.practices.HomeWork4"/>
  <testcase name="ModifyCustomer" time="6.061" classname="com.logfourj.practices.HomeWork4"/>
  <testcase name="DeleteCustomer" time="3.061" classname="com.logfourj.practices.HomeWork4"/>
  <testcase name="logout" time="3.409" classname="com.logfourj.practices.HomeWork4"/>
  <testcase name="closeApplication" time="2.182" classname="com.logfourj.practices.HomeWork4"/>
  <testcase name="LaunchBrowser" time="6.797" classname="com.logfourj.practices.HomeWork5"/>
  <testcase name="navigate" time="2.775" classname="com.logfourj.practices.HomeWork5"/>
  <testcase name="login" time="5.832" classname="com.logfourj.practices.HomeWork5"/>
  <testcase name="CreateCustomer" time="3.709" classname="com.logfourj.practices.HomeWork5"/>
  <testcase name="CreateProject" time="3.139" classname="com.logfourj.practices.HomeWork5"/>
  <testcase name="DeleteProject" time="7.465" classname="com.logfourj.practices.HomeWork5"/>
  <testcase name="DeleteCustomer" time="3.08" classname="com.logfourj.practices.HomeWork5"/>
  <testcase name="logout" time="2.424" classname="com.logfourj.practices.HomeWork5"/>
  <testcase name="closeApplication" time="2.31" classname="com.logfourj.practices.HomeWork5"/>
  <testcase name="LaunchBrowser" time="7.314" classname="com.logfourj.practices.HomeWork6"/>
  <testcase name="navigate" time="2.725" classname="com.logfourj.practices.HomeWork6"/>
  <testcase name="login" time="5.821" classname="com.logfourj.practices.HomeWork6"/>
  <testcase name="CreateCustomer" time="3.768" classname="com.logfourj.practices.HomeWork6"/>
  <testcase name="CreateProject" time="9.018" classname="com.logfourj.practices.HomeWork6"/>
  <testcase name="modifyProject" time="6.016" classname="com.logfourj.practices.HomeWork6"/>
  <testcase name="DeleteProject" time="7.449" classname="com.logfourj.practices.HomeWork6"/>
  <testcase name="DeleteCustomer" time="3.083" classname="com.logfourj.practices.HomeWork6"/>
  <testcase name="logout" time="2.4" classname="com.logfourj.practices.HomeWork6"/>
  <testcase name="closeApplication" time="2.794" classname="com.logfourj.practices.HomeWork6"/>
  <testcase name="LaunchBrowser" time="7.841" classname="com.logfourj.practices.HomeWork7"/>
  <testcase name="navigate" time="2.736" classname="com.logfourj.practices.HomeWork7"/>
  <testcase name="login" time="5.801" classname="com.logfourj.practices.HomeWork7"/>
  <testcase name="CreateCustomer" time="3.71" classname="com.logfourj.practices.HomeWork7"/>
  <testcase name="CreateProject" time="8.982" classname="com.logfourj.practices.HomeWork7"/>
  <testcase name="createTask" time="4.956" classname="com.logfourj.practices.HomeWork7"/>
  <testcase name="deleteTask" time="9.168" classname="com.logfourj.practices.HomeWork7"/>
  <testcase name="DeleteProject" time="6.156" classname="com.logfourj.practices.HomeWork7"/>
  <testcase name="DeleteCustomer" time="6.073" classname="com.logfourj.practices.HomeWork7"/>
  <testcase name="logout" time="2.417" classname="com.logfourj.practices.HomeWork7"/>
  <testcase name="closeApplication" time="4.23" classname="com.logfourj.practices.HomeWork7"/>
  <testcase name="launchBrowser" time="1.56" classname="com.logfourj.practices.HomeWork9"/>
  <testcase name="navigate" time="5.337" classname="com.logfourj.practices.HomeWork9"/>
  <testcase name="login" time="4.337" classname="com.logfourj.practices.HomeWork9"/>
  <testcase name="User1" time="11.988" classname="com.logfourj.practices.HomeWork9"/>
  <testcase name="User2" time="8.702" classname="com.logfourj.practices.HomeWork9"/>
  <testcase name="User3" time="8.726" classname="com.logfourj.practices.HomeWork9"/>
  <testcase name="logout" time="2.407" classname="com.logfourj.practices.HomeWork9"/>
  <testcase name="User1Loging" time="9.843" classname="com.logfourj.practices.HomeWork9"/>
  <testcase name="User1logout" time="2.284" classname="com.logfourj.practices.HomeWork9"/>
  <testcase name="User2Loging" time="5.404" classname="com.logfourj.practices.HomeWork9"/>
  <testcase name="User2Logout" time="2.31" classname="com.logfourj.practices.HomeWork9"/>
  <testcase name="User3Loging" time="5.327" classname="com.logfourj.practices.HomeWork9"/>
  <testcase name="User3Logout" time="2.314" classname="com.logfourj.practices.HomeWork9"/>
  <testcase name="Admin1login" time="2.236" classname="com.logfourj.practices.HomeWork9"/>
  <testcase name="deleteUser1" time="9.947" classname="com.logfourj.practices.HomeWork9"/>
  <testcase name="deleteUser2" time="9.316" classname="com.logfourj.practices.HomeWork9"/>
  <testcase name="deleteUser3" time="9.399" classname="com.logfourj.practices.HomeWork9"/>
  <testcase name="Adminlogout" time="2.363" classname="com.logfourj.practices.HomeWork9"/>
  <testcase name="closeApplication" time="0.335" classname="com.logfourj.practices.HomeWork9"/>
  <testcase name="launchBrowser" time="1.68" classname="com.logfourj.practices.HomeWork10"/>
  <testcase name="navigate" time="4.513" classname="com.logfourj.practices.HomeWork10"/>
  <testcase name="login" time="4.362" classname="com.logfourj.practices.HomeWork10"/>
  <testcase name="User1" time="12.346" classname="com.logfourj.practices.HomeWork10"/>
  <testcase name="logout" time="2.363" classname="com.logfourj.practices.HomeWork10"/>
  <testcase name="User1Loging" time="6.032" classname="com.logfourj.practices.HomeWork10"/>
  <testcase name="User2" time="11.398" classname="com.logfourj.practices.HomeWork10"/>
  <testcase name="User1logout" time="2.367" classname="com.logfourj.practices.HomeWork10"/>
  <testcase name="User2Loging" time="5.367" classname="com.logfourj.practices.HomeWork10"/>
  <testcase name="User3" time="11.342" classname="com.logfourj.practices.HomeWork10"/>
  <testcase name="User2Logout" time="2.336" classname="com.logfourj.practices.HomeWork10"/>
  <testcase name="Admin1login" time="2.299" classname="com.logfourj.practices.HomeWork10"/>
  <testcase name="ModifyUser1" time="12.945" classname="com.logfourj.practices.HomeWork10"/>
  <testcase name="Admin1logout" time="2.415" classname="com.logfourj.practices.HomeWork10"/>
  <testcase name="User1LogingAgain" time="2.329" classname="com.logfourj.practices.HomeWork10"/>
  <testcase name="ModifyUser2" time="13.052" classname="com.logfourj.practices.HomeWork10"/>
  <testcase name="User1logoutAgain" time="2.296" classname="com.logfourj.practices.HomeWork10"/>
  <testcase name="User2LogingAgain" time="2.328" classname="com.logfourj.practices.HomeWork10"/>
  <testcase name="ModifyUser3" time="12.789" classname="com.logfourj.practices.HomeWork10"/>
  <testcase name="User2LogoutAgain" time="2.328" classname="com.logfourj.practices.HomeWork10"/>
  <testcase name="User2LogingAgainAgain" time="2.457" classname="com.logfourj.practices.HomeWork10"/>
  <testcase name="deleteUser3" time="9.831" classname="com.logfourj.practices.HomeWork10"/>
  <testcase name="User2LogoutAgainAgain" time="2.329" classname="com.logfourj.practices.HomeWork10"/>
  <testcase name="User1LogingAgainAgain" time="2.329" classname="com.logfourj.practices.HomeWork10"/>
  <testcase name="deleteUser2" time="9.807" classname="com.logfourj.practices.HomeWork10"/>
  <testcase name="User1logoutAgainAgain" time="2.351" classname="com.logfourj.practices.HomeWork10"/>
  <testcase name="Admin1loginAgain" time="2.253" classname="com.logfourj.practices.HomeWork10"/>
  <testcase name="deleteUser1" time="9.894" classname="com.logfourj.practices.HomeWork10"/>
  <testcase name="Admin1logoutAgainAgain" time="2.344" classname="com.logfourj.practices.HomeWork10"/>
  <testcase name="closeApplication" time="0.222" classname="com.logfourj.practices.HomeWork10"/>
</testsuite> <!-- Scenarios -->
